################################################
##########################################
###############################
RunMapReduceFramework started with 15 threads
Thread shuffle created [16.5.2017 19:13:22]
Thread ExacMap created [16.5.2017 19:13:22]
Thread ExacMap created [16.5.2017 19:13:22]
Thread ExacMap created [16.5.2017 19:13:22]
Thread ExacMap created [16.5.2017 19:13:22]
Thread ExacMap created [16.5.2017 19:13:22]
Thread ExacMap created [16.5.2017 19:13:22]
Thread ExacMap created [16.5.2017 19:13:22]
Thread ExacMap created [16.5.2017 19:13:22]
Thread ExacMap created [16.5.2017 19:13:22]
Thread ExacMap created [16.5.2017 19:13:22]
Thread ExacMap created [16.5.2017 19:13:22]
Thread ExacMap created [16.5.2017 19:13:22]
Thread ExacMap created [16.5.2017 19:13:22]
Thread ExacMap created [16.5.2017 19:13:22]
Thread ExacMap created [16.5.2017 19:13:22]
suff join
suff join pass
Thread ExacReduce created [16.5.2017 19:13:22]
Thread ExacReduce created [16.5.2017 19:13:22]
Thread ExacReduce created [16.5.2017 19:13:22]
Thread ExacReduce created [16.5.2017 19:13:22]
Thread ExacReduce created [16.5.2017 19:13:22]
Thread ExacReduce created [16.5.2017 19:13:22]
Thread ExacReduce created [16.5.2017 19:13:22]
Thread ExacReduce created [16.5.2017 19:13:22]
Thread ExacReduce created [16.5.2017 19:13:22]
Thread ExacReduce created [16.5.2017 19:13:22]
Thread ExacReduce created [16.5.2017 19:13:22]
Thread ExacReduce created [16.5.2017 19:13:22]
Thread ExacReduce created [16.5.2017 19:13:22]
Thread ExacReduce created [16.5.2017 19:13:22]
Thread ExacReduce created [16.5.2017 19:13:22]
################################################
##########################################
###############################
RunMapReduceFramework started with 15 threads
Thread shuffle created [16.5.2017 19:15:19]
Thread ExacMap created [16.5.2017 19:15:19]
Thread ExacMap created [16.5.2017 19:15:19]
Thread ExacMap created [16.5.2017 19:15:19]
Thread ExacMap created [16.5.2017 19:15:19]
Thread ExacMap created [16.5.2017 19:15:19]
Thread ExacMap created [16.5.2017 19:15:19]
Thread ExacMap created [16.5.2017 19:15:19]
Thread ExacMap created [16.5.2017 19:15:19]
Thread ExacMap created [16.5.2017 19:15:19]
Thread ExacMap created [16.5.2017 19:15:19]
Thread ExacMap created [16.5.2017 19:15:19]
Thread ExacMap created [16.5.2017 19:15:19]
Thread ExacMap created [16.5.2017 19:15:19]
Thread ExacMap created [16.5.2017 19:15:19]
Thread ExacMap created [16.5.2017 19:15:19]
suff join
suff join pass
Thread ExacReduce created [16.5.2017 19:15:19]
Thread ExacReduce created [16.5.2017 19:15:19]
Thread ExacReduce created [16.5.2017 19:15:19]
Thread ExacReduce created [16.5.2017 19:15:19]
Thread ExacReduce created [16.5.2017 19:15:19]
Thread ExacReduce created [16.5.2017 19:15:19]
Thread ExacReduce created [16.5.2017 19:15:19]
Thread ExacReduce created [16.5.2017 19:15:19]
Thread ExacReduce created [16.5.2017 19:15:19]
Thread ExacReduce created [16.5.2017 19:15:19]
Thread ExacReduce created [16.5.2017 19:15:19]
Thread ExacReduce created [16.5.2017 19:15:19]
Thread ExacReduce created [16.5.2017 19:15:19]
Thread ExacReduce created [16.5.2017 19:15:19]
Thread ExacReduce created [16.5.2017 19:15:19]
################################################
##########################################
###############################
RunMapReduceFramework started with 15 threads
Thread shuffle created [16.5.2017 19:15:39]
Thread ExacMap created [16.5.2017 19:15:39]
Thread ExacMap created [16.5.2017 19:15:39]
Thread ExacMap created [16.5.2017 19:15:39]
Thread ExacMap created [16.5.2017 19:15:39]
Thread ExacMap created [16.5.2017 19:15:39]
Thread ExacMap created [16.5.2017 19:15:39]
Thread ExacMap created [16.5.2017 19:15:39]
Thread ExacMap created [16.5.2017 19:15:39]
Thread ExacMap created [16.5.2017 19:15:39]
Thread ExacMap created [16.5.2017 19:15:39]
Thread ExacMap created [16.5.2017 19:15:39]
Thread ExacMap created [16.5.2017 19:15:39]
Thread ExacMap created [16.5.2017 19:15:39]
Thread ExacMap created [16.5.2017 19:15:39]
Thread ExacMap created [16.5.2017 19:15:39]
suff join
suff join pass
Thread ExacReduce created [16.5.2017 19:15:39]
Thread ExacReduce created [16.5.2017 19:15:39]
Thread ExacReduce created [16.5.2017 19:15:39]
Thread ExacReduce created [16.5.2017 19:15:39]
Thread ExacReduce created [16.5.2017 19:15:39]
Thread ExacReduce created [16.5.2017 19:15:39]
Thread ExacReduce created [16.5.2017 19:15:39]
Thread ExacReduce created [16.5.2017 19:15:39]
Thread ExacReduce created [16.5.2017 19:15:39]
Thread ExacReduce created [16.5.2017 19:15:39]
Thread ExacReduce created [16.5.2017 19:15:39]
Thread ExacReduce created [16.5.2017 19:15:39]
Thread ExacReduce created [16.5.2017 19:15:39]
Thread ExacReduce created [16.5.2017 19:15:39]
Thread ExacReduce created [16.5.2017 19:15:39]
################################################
##########################################
###############################
RunMapReduceFramework started with 15 threads
Thread shuffle created [16.5.2017 19:26:9]
Thread ExacMap created [16.5.2017 19:26:9]
Thread ExacMap created [16.5.2017 19:26:9]
Thread ExacMap created [16.5.2017 19:26:9]
Thread ExacMap created [16.5.2017 19:26:9]
Thread ExacMap created [16.5.2017 19:26:9]
Thread ExacMap created [16.5.2017 19:26:9]
Thread ExacMap created [16.5.2017 19:26:9]
Thread ExacMap created [16.5.2017 19:26:9]
Thread ExacMap created [16.5.2017 19:26:9]
Thread ExacMap created [16.5.2017 19:26:9]
Thread ExacMap created [16.5.2017 19:26:9]
Thread ExacMap created [16.5.2017 19:26:9]
Thread ExacMap created [16.5.2017 19:26:9]
Thread ExacMap created [16.5.2017 19:26:9]
Thread ExacMap created [16.5.2017 19:26:9]
suff join
suff join pass
Thread ExacReduce created [16.5.2017 19:26:10]
Thread ExacReduce created [16.5.2017 19:26:10]
Thread ExacReduce created [16.5.2017 19:26:10]
Thread ExacReduce created [16.5.2017 19:26:10]
Thread ExacReduce created [16.5.2017 19:26:10]
Thread ExacReduce created [16.5.2017 19:26:10]
Thread ExacReduce created [16.5.2017 19:26:10]
Thread ExacReduce created [16.5.2017 19:26:10]
Thread ExacReduce created [16.5.2017 19:26:10]
Thread ExacReduce created [16.5.2017 19:26:10]
Thread ExacReduce created [16.5.2017 19:26:10]
Thread ExacReduce created [16.5.2017 19:26:10]
Thread ExacReduce created [16.5.2017 19:26:10]
Thread ExacReduce created [16.5.2017 19:26:10]
Thread ExacReduce created [16.5.2017 19:26:10]
################################################
##########################################
###############################
RunMapReduceFramework started with 15 threads
Thread shuffle created [16.5.2017 19:27:37]
Thread ExacMap created [16.5.2017 19:27:37]
Thread ExacMap created [16.5.2017 19:27:37]
Thread ExacMap created [16.5.2017 19:27:37]
Thread ExacMap created [16.5.2017 19:27:37]
Thread ExacMap created [16.5.2017 19:27:37]
Thread ExacMap created [16.5.2017 19:27:37]
Thread ExacMap created [16.5.2017 19:27:37]
Thread ExacMap created [16.5.2017 19:27:37]
Thread ExacMap created [16.5.2017 19:27:37]
Thread ExacMap created [16.5.2017 19:27:37]
Thread ExacMap created [16.5.2017 19:27:37]
Thread ExacMap created [16.5.2017 19:27:37]
Thread ExacMap created [16.5.2017 19:27:37]
Thread ExacMap created [16.5.2017 19:27:37]
Thread ExacMap created [16.5.2017 19:27:37]
suff join
suff join pass
Thread ExacReduce created [16.5.2017 19:27:37]
Thread ExacReduce created [16.5.2017 19:27:37]
Thread ExacReduce created [16.5.2017 19:27:37]
Thread ExacReduce created [16.5.2017 19:27:37]
Thread ExacReduce created [16.5.2017 19:27:37]
Thread ExacReduce created [16.5.2017 19:27:37]
Thread ExacReduce created [16.5.2017 19:27:37]
Thread ExacReduce created [16.5.2017 19:27:37]
Thread ExacReduce created [16.5.2017 19:27:37]
Thread ExacReduce created [16.5.2017 19:27:37]
Thread ExacReduce created [16.5.2017 19:27:37]
Thread ExacReduce created [16.5.2017 19:27:37]
Thread ExacReduce created [16.5.2017 19:27:37]
Thread ExacReduce created [16.5.2017 19:27:37]
Thread ExacReduce created [16.5.2017 19:27:37]
################################################
##########################################
###############################
RunMapReduceFramework started with 15 threads
Thread shuffle created [16.5.2017 19:33:7]
Thread ExacMap created [16.5.2017 19:33:7]
Thread ExacMap created [16.5.2017 19:33:7]
Thread ExacMap created [16.5.2017 19:33:7]
Thread ExacMap created [16.5.2017 19:33:7]
Thread ExacMap created [16.5.2017 19:33:7]
Thread ExacMap created [16.5.2017 19:33:7]
Thread ExacMap created [16.5.2017 19:33:7]
Thread ExacMap created [16.5.2017 19:33:7]
Thread ExacMap created [16.5.2017 19:33:7]
Thread ExacMap created [16.5.2017 19:33:7]
Thread ExacMap created [16.5.2017 19:33:7]
Thread ExacMap created [16.5.2017 19:33:7]
Thread ExacMap created [16.5.2017 19:33:7]
Thread ExacMap created [16.5.2017 19:33:7]
Thread ExacMap created [16.5.2017 19:33:7]
suff join
suff join pass
Thread ExacReduce created [16.5.2017 19:33:7]
Thread ExacReduce created [16.5.2017 19:33:7]
Thread ExacReduce created [16.5.2017 19:33:7]
Thread ExacReduce created [16.5.2017 19:33:7]
Thread ExacReduce created [16.5.2017 19:33:7]
Thread ExacReduce created [16.5.2017 19:33:7]
Thread ExacReduce created [16.5.2017 19:33:7]
Thread ExacReduce created [16.5.2017 19:33:7]
Thread ExacReduce created [16.5.2017 19:33:7]
Thread ExacReduce created [16.5.2017 19:33:7]
Thread ExacReduce created [16.5.2017 19:33:7]
Thread ExacReduce created [16.5.2017 19:33:7]
Thread ExacReduce created [16.5.2017 19:33:7]
Thread ExacReduce created [16.5.2017 19:33:7]
Thread ExacReduce created [16.5.2017 19:33:7]
################################################
##########################################
###############################
RunMapReduceFramework started with 15 threads
Thread shuffle created [16.5.2017 19:38:16]
Thread ExacMap created [16.5.2017 19:38:16]
Thread ExacMap created [16.5.2017 19:38:16]
Thread ExacMap created [16.5.2017 19:38:16]
Thread ExacMap created [16.5.2017 19:38:16]
Thread ExacMap created [16.5.2017 19:38:16]
Thread ExacMap created [16.5.2017 19:38:16]
Thread ExacMap created [16.5.2017 19:38:16]
Thread ExacMap created [16.5.2017 19:38:16]
Thread ExacMap created [16.5.2017 19:38:16]
Thread ExacMap created [16.5.2017 19:38:16]
Thread ExacMap created [16.5.2017 19:38:16]
Thread ExacMap created [16.5.2017 19:38:16]
Thread ExacMap created [16.5.2017 19:38:16]
Thread ExacMap created [16.5.2017 19:38:16]
Thread ExacMap created [16.5.2017 19:38:16]
suff join
suff join pass
Thread ExacReduce created [16.5.2017 19:38:17]
Thread ExacReduce created [16.5.2017 19:38:17]
Thread ExacReduce created [16.5.2017 19:38:17]
Thread ExacReduce created [16.5.2017 19:38:17]
Thread ExacReduce created [16.5.2017 19:38:17]
Thread ExacReduce created [16.5.2017 19:38:17]
Thread ExacReduce created [16.5.2017 19:38:17]
Thread ExacReduce created [16.5.2017 19:38:17]
Thread ExacReduce created [16.5.2017 19:38:17]
Thread ExacReduce created [16.5.2017 19:38:17]
Thread ExacReduce created [16.5.2017 19:38:17]
Thread ExacReduce created [16.5.2017 19:38:17]
Thread ExacReduce created [16.5.2017 19:38:17]
Thread ExacReduce created [16.5.2017 19:38:17]
Thread ExacReduce created [16.5.2017 19:38:17]
