################################################
##########################################
###############################
RunMapReduceFramework started with 4 threads
Thread shuffle created [16.5.2017 18:10:23]
Thread ExacMap created [16.5.2017 18:10:23]
Thread ExacMap created [16.5.2017 18:10:23]
Thread ExacMap created [16.5.2017 18:10:23]
Thread ExacMap created [16.5.2017 18:10:23]
################################################
##########################################
###############################
RunMapReduceFramework started with 4 threads
Thread shuffle created [16.5.2017 18:16:58]
Thread ExacMap created [16.5.2017 18:16:58]
Thread ExacMap created [16.5.2017 18:16:58]
Thread ExacMap created [16.5.2017 18:16:58]
Thread ExacMap created [16.5.2017 18:16:58]
################################################
##########################################
###############################
RunMapReduceFramework started with 4 threads
Thread shuffle created [16.5.2017 18:17:10]
Thread ExacMap created [16.5.2017 18:17:10]
Thread ExacMap created [16.5.2017 18:17:10]
Thread ExacMap created [16.5.2017 18:17:10]
Thread ExacMap created [16.5.2017 18:17:10]
################################################
##########################################
###############################
RunMapReduceFramework started with 4 threads
Thread shuffle created [16.5.2017 18:17:40]
Thread ExacMap created [16.5.2017 18:17:40]
Thread ExacMap created [16.5.2017 18:17:40]
Thread ExacMap created [16.5.2017 18:17:40]
Thread ExacMap created [16.5.2017 18:17:40]
################################################
##########################################
###############################
RunMapReduceFramework started with 4 threads
Thread shuffle created [16.5.2017 18:18:11]
Thread ExacMap created [16.5.2017 18:18:11]
Thread ExacMap created [16.5.2017 18:18:11]
Thread ExacMap created [16.5.2017 18:18:11]
Thread ExacMap created [16.5.2017 18:18:11]
################################################
##########################################
###############################
RunMapReduceFramework started with 4 threads
Thread shuffle created [16.5.2017 18:23:40]
Thread ExacMap created [16.5.2017 18:23:40]
Thread ExacMap created [16.5.2017 18:23:40]
Thread ExacMap created [16.5.2017 18:23:40]
Thread ExacMap created [16.5.2017 18:23:40]
################################################
##########################################
###############################
RunMapReduceFramework started with 4 threads
Thread shuffle created [16.5.2017 18:23:43]
Thread ExacMap created [16.5.2017 18:23:43]
Thread ExacMap created [16.5.2017 18:23:43]
Thread ExacMap created [16.5.2017 18:23:43]
Thread ExacMap created [16.5.2017 18:23:43]
################################################
##########################################
###############################
RunMapReduceFramework started with 4 threads
Thread shuffle created [16.5.2017 18:26:1]
Thread ExacMap created [16.5.2017 18:26:1]
Thread ExacMap created [16.5.2017 18:26:1]
Thread ExacMap created [16.5.2017 18:26:1]
Thread ExacMap created [16.5.2017 18:26:1]
################################################
##########################################
###############################
RunMapReduceFramework started with 4 threads
Thread shuffle created [16.5.2017 18:27:16]
Thread ExacMap created [16.5.2017 18:27:16]
Thread ExacMap created [16.5.2017 18:27:16]
Thread ExacMap created [16.5.2017 18:27:16]
Thread ExacMap created [16.5.2017 18:27:16]
################################################
##########################################
###############################
RunMapReduceFramework started with 4 threads
Thread shuffle created [16.5.2017 18:27:18]
Thread ExacMap created [16.5.2017 18:27:18]
Thread ExacMap created [16.5.2017 18:27:18]
Thread ExacMap created [16.5.2017 18:27:18]
Thread ExacMap created [16.5.2017 18:27:18]
################################################
##########################################
###############################
RunMapReduceFramework started with 4 threads
Thread shuffle created [16.5.2017 18:27:26]
Thread ExacMap created [16.5.2017 18:27:26]
Thread ExacMap created [16.5.2017 18:27:26]
Thread ExacMap created [16.5.2017 18:27:26]
Thread ExacMap created [16.5.2017 18:27:26]
################################################
##########################################
###############################
RunMapReduceFramework started with 4 threads
Thread shuffle created [16.5.2017 18:36:0]
Thread ExacMap created [16.5.2017 18:36:0]
Thread ExacMap created [16.5.2017 18:36:0]
Thread ExacMap created [16.5.2017 18:36:0]
Thread ExacMap created [16.5.2017 18:36:0]
################################################
##########################################
###############################
RunMapReduceFramework started with 4 threads
Thread shuffle created [16.5.2017 18:37:17]
Thread ExacMap created [16.5.2017 18:37:17]
Thread ExacMap created [16.5.2017 18:37:17]
Thread ExacMap created [16.5.2017 18:37:17]
Thread ExacMap created [16.5.2017 18:37:17]
################################################
##########################################
###############################
RunMapReduceFramework started with 4 threads
Thread shuffle created [16.5.2017 18:37:20]
Thread ExacMap created [16.5.2017 18:37:20]
Thread ExacMap created [16.5.2017 18:37:20]
Thread ExacMap created [16.5.2017 18:37:20]
Thread ExacMap created [16.5.2017 18:37:20]
################################################
##########################################
###############################
RunMapReduceFramework started with 4 threads
Thread shuffle created [16.5.2017 18:38:24]
Thread ExacMap created [16.5.2017 18:38:24]
Thread ExacMap created [16.5.2017 18:38:24]
Thread ExacMap created [16.5.2017 18:38:24]
Thread ExacMap created [16.5.2017 18:38:24]
suff join
################################################
##########################################
###############################
RunMapReduceFramework started with 4 threads
Thread shuffle created [16.5.2017 18:38:36]
Thread ExacMap created [16.5.2017 18:38:36]
Thread ExacMap created [16.5.2017 18:38:36]
Thread ExacMap created [16.5.2017 18:38:36]
Thread ExacMap created [16.5.2017 18:38:36]
suff join
suff join pass
Thread ExacReduce created [16.5.2017 18:39:9]
Thread ExacReduce created [16.5.2017 18:39:9]
Thread ExacReduce created [16.5.2017 18:39:9]
Thread ExacReduce created [16.5.2017 18:39:9]
################################################
##########################################
###############################
RunMapReduceFramework started with 4 threads
Thread shuffle created [16.5.2017 18:41:33]
Thread ExacMap created [16.5.2017 18:41:33]
Thread ExacMap created [16.5.2017 18:41:33]
Thread ExacMap created [16.5.2017 18:41:33]
Thread ExacMap created [16.5.2017 18:41:33]
suff join
suff join pass
Thread ExacReduce created [16.5.2017 18:42:5]
Thread ExacReduce created [16.5.2017 18:42:5]
Thread ExacReduce created [16.5.2017 18:42:5]
Thread ExacReduce created [16.5.2017 18:42:5]
################################################
##########################################
###############################
RunMapReduceFramework started with 4 threads
Thread shuffle created [16.5.2017 18:45:17]
Thread ExacMap created [16.5.2017 18:45:17]
Thread ExacMap created [16.5.2017 18:45:17]
Thread ExacMap created [16.5.2017 18:45:17]
Thread ExacMap created [16.5.2017 18:45:17]
suff join
suff join pass
Thread ExacReduce created [16.5.2017 18:45:48]
Thread ExacReduce created [16.5.2017 18:45:48]
Thread ExacReduce created [16.5.2017 18:45:48]
Thread ExacReduce created [16.5.2017 18:45:48]
